[0m15:45:45.217251 [debug] [MainThread]: Sending event: {'category': 'dbt', 'action': 'invocation', 'label': 'start', 'context': [<snowplow_tracker.self_describing_json.SelfDescribingJson object at 0xffff9b3352d0>, <snowplow_tracker.self_describing_json.SelfDescribingJson object at 0xffff9b8b9bd0>, <snowplow_tracker.self_describing_json.SelfDescribingJson object at 0xffff9b8b9ed0>]}


============================== 15:45:45.226219 | 72d8fd7a-342e-49fb-8033-013395c5ba95 ==============================
[0m15:45:45.226219 [info ] [MainThread]: Running with dbt=1.5.11
[0m15:45:45.228826 [debug] [MainThread]: running dbt with arguments {'write_json': 'True', 'warn_error_options': 'WarnErrorOptions(include=[], exclude=[])', 'static_parser': 'True', 'fail_fast': 'False', 'log_format': 'default', 'quiet': 'False', 'use_experimental_parser': 'False', 'indirect_selection': 'eager', 'debug': 'False', 'profiles_dir': '/home/astro/.dbt', 'introspect': 'True', 'target_path': 'None', 'printer_width': '80', 'no_print': 'None', 'version_check': 'True', 'log_cache_events': 'False', 'use_colors': 'True', 'log_path': 'logs', 'send_anonymous_usage_stats': 'True', 'partial_parse': 'True', 'warn_error': 'None', 'cache_selected_only': 'False'}
[0m15:45:45.229916 [warn ] [MainThread]: [ConfigFolderDirectory]: Unable to parse dict {'dir': PosixPath('/home/astro/.dbt')}
[0m15:45:45.231695 [info ] [MainThread]: Creating dbt configuration folder at 
[0m15:45:54.405491 [debug] [MainThread]: Starter project path: /usr/local/airflow/dbt_venv/lib/python3.11/site-packages/dbt/include/starter_project
[0m15:47:01.635736 [info ] [MainThread]: Profile snowflake_dbt written to /home/astro/.dbt/profiles.yml using target's profile_template.yml and your supplied values. Run 'dbt debug' to validate the connection.
[0m15:47:01.648464 [info ] [MainThread]: 
Your new dbt project "snowflake_dbt" was created!

For more information on how to configure the profiles.yml file,
please consult the dbt documentation here:

  https://docs.getdbt.com/docs/configure-your-profile

One more thing:

Need help? Don't hesitate to reach out to us via GitHub issues or on Slack:

  https://community.getdbt.com/

Happy modeling!

[0m15:47:01.658990 [debug] [MainThread]: Command `dbt init` succeeded at 15:47:01.657868 after 76.45 seconds
[0m15:47:01.663742 [debug] [MainThread]: Sending event: {'category': 'dbt', 'action': 'invocation', 'label': 'end', 'context': [<snowplow_tracker.self_describing_json.SelfDescribingJson object at 0xffff9b8b9d50>, <snowplow_tracker.self_describing_json.SelfDescribingJson object at 0xffff9b8522d0>, <snowplow_tracker.self_describing_json.SelfDescribingJson object at 0xffff9f9cd150>]}
[0m15:47:01.668148 [debug] [MainThread]: Flushing usage events
